FILE_TYPE=LIBRARY_PARTS;
PRIMITIVE 'SK_129_25_4_STS','SK_129_25_4_STS_Other';
  PIN
    '1':
      PIN_NUMBER='(1)';
      NO_LOAD_CHECK=BOTH;
      NO_IO_CHECK=BOTH;
      ALLOW_CONNECT=TRUE;
      PINUSE='UNSPEC';
    '2':
      PIN_NUMBER='(2)';
      NO_LOAD_CHECK=BOTH;
      NO_IO_CHECK=BOTH;
      ALLOW_CONNECT=TRUE;
      PINUSE='UNSPEC';
  END_PIN;
  BODY
    PART_NAME='SK_129_25_4_STS';
    PHYS_DES_PREFIX='U';
    NO_LOAD_CHECK='TRUE';
    PIN_COUNT='2';
    BODY_NAME='SK_129_25_4_STS';
    JEDEC_TYPE='SK129254STS';
  END_BODY;
END_PRIMITIVE;
END.
